2019/07/15 08:30:35 Setup GlobalMiddleware
2019/07/15 08:30:35 Serving preis at http://[::]:80
2019/07/15 08:32:23 RemoteAddr: [::1]:60652, Request: "GET /v1/swagger.json HTTP/1.1\r\nHost: localhost\r\nAccept: text/html,application/xhtml+xml,application/xml;q=0.9,image/webp,image/apng,*/*;q=0.8,application/signed-exchange;v=b3\r\nAccept-Encoding: gzip, deflate, br\r\nAccept-Language: pt-BR,pt;q=0.9,en-US;q=0.8,en;q=0.7\r\nConnection: keep-alive\r\nUpgrade-Insecure-Requests: 1\r\nUser-Agent: Mozilla/5.0 (Windows NT 10.0; WOW64) AppleWebKit/537.36 (KHTML, like Gecko) Chrome/75.0.3770.100 Safari/537.36\r\n\r\n"
2019/07/15 08:32:23 RemoteAddr: [::1]:60652, Request: "GET /favicon.ico HTTP/1.1\r\nHost: localhost\r\nAccept: image/webp,image/apng,image/*,*/*;q=0.8\r\nAccept-Encoding: gzip, deflate, br\r\nAccept-Language: pt-BR,pt;q=0.9,en-US;q=0.8,en;q=0.7\r\nConnection: keep-alive\r\nReferer: http://localhost/v1/swagger.json\r\nUser-Agent: Mozilla/5.0 (Windows NT 10.0; WOW64) AppleWebKit/537.36 (KHTML, like Gecko) Chrome/75.0.3770.100 Safari/537.36\r\n\r\n"
2019/07/15 08:32:34 RemoteAddr: [::1]:60655, Request: "GET /v1/price HTTP/1.1\r\nHost: localhost\r\nAccept: text/html,application/xhtml+xml,application/xml;q=0.9,image/webp,image/apng,*/*;q=0.8,application/signed-exchange;v=b3\r\nAccept-Encoding: gzip, deflate, br\r\nAccept-Language: pt-BR,pt;q=0.9,en-US;q=0.8,en;q=0.7\r\nConnection: keep-alive\r\nUpgrade-Insecure-Requests: 1\r\nUser-Agent: Mozilla/5.0 (Windows NT 10.0; WOW64) AppleWebKit/537.36 (KHTML, like Gecko) Chrome/75.0.3770.100 Safari/537.36\r\n\r\n"
2019/07/15 21:48:55 Setup GlobalMiddleware
2019/07/15 21:48:55 Serving preis at http://[::]:80
2019/07/15 21:50:31 RemoteAddr: [::1]:54079, Request: "GET /v1/price HTTP/1.1\r\nHost: localhost:80\r\nAccept-Encoding: gzip\r\nUser-Agent: Go-http-client/1.1\r\n\r\n"
2019/07/15 21:54:14 Setup GlobalMiddleware
2019/07/15 21:54:14 Serving preis at http://[::]:80
2019/07/15 21:54:20 RemoteAddr: [::1]:54118, Request: "GET /v1/price HTTP/1.1\r\nHost: localhost:80\r\nAccept-Encoding: gzip\r\nUser-Agent: Go-http-client/1.1\r\n\r\n"
2019/07/15 22:16:53 Setup GlobalMiddleware
2019/07/15 22:16:53 Serving preis at http://[::]:80
2019/07/15 22:16:59 RemoteAddr: [::1]:54231, Request: "GET /v1/price HTTP/1.1\r\nHost: localhost:80\r\nAccept-Encoding: gzip\r\nUser-Agent: Go-http-client/1.1\r\n\r\n"
2019/07/15 22:17:15 RemoteAddr: [::1]:54234, Request: "GET /v1/price HTTP/1.1\r\nHost: localhost:80\r\nAccept-Encoding: gzip\r\nUser-Agent: Go-http-client/1.1\r\n\r\n"
2019/07/15 22:20:04 Shutting down... 
2019/07/15 22:20:04 Stopped serving preis at http://[::]:80
2019/07/15 22:20:09 Setup GlobalMiddleware
2019/07/15 22:20:09 Serving preis at http://[::]:80
2019/07/15 22:20:46 RemoteAddr: [::1]:54248, Request: "GET /v1/price HTTP/1.1\r\nHost: localhost:80\r\nAccept-Encoding: gzip\r\nUser-Agent: Go-http-client/1.1\r\n\r\n"
2019/07/15 22:20:53 RemoteAddr: [::1]:54248, Request: "GET /v1/price HTTP/1.1\r\nHost: localhost:80\r\nAccept-Encoding: gzip\r\nUser-Agent: Go-http-client/1.1\r\n\r\n"
2019/07/15 22:21:03 RemoteAddr: [::1]:54249, Request: "GET /v1/price HTTP/1.1\r\nHost: localhost:80\r\nAccept-Encoding: gzip\r\nUser-Agent: Go-http-client/1.1\r\n\r\n"
2019/07/15 22:21:08 RemoteAddr: [::1]:54249, Request: "GET /v1/price HTTP/1.1\r\nHost: localhost:80\r\nAccept-Encoding: gzip\r\nUser-Agent: Go-http-client/1.1\r\n\r\n"
2019/07/15 22:21:10 RemoteAddr: [::1]:54249, Request: "GET /v1/price HTTP/1.1\r\nHost: localhost:80\r\nAccept-Encoding: gzip\r\nUser-Agent: Go-http-client/1.1\r\n\r\n"
2019/07/15 22:21:11 RemoteAddr: [::1]:54249, Request: "GET /v1/price HTTP/1.1\r\nHost: localhost:80\r\nAccept-Encoding: gzip\r\nUser-Agent: Go-http-client/1.1\r\n\r\n"
2019/07/15 22:23:21 RemoteAddr: [::1]:54257, Request: "GET /v1/price HTTP/1.1\r\nHost: localhost:80\r\nAccept-Encoding: gzip\r\nUser-Agent: Go-http-client/1.1\r\n\r\n"
2019/07/15 22:23:21 RemoteAddr: [::1]:54257, Request: "GET /v1/price HTTP/1.1\r\nHost: localhost:80\r\nAccept-Encoding: gzip\r\nUser-Agent: Go-http-client/1.1\r\n\r\n"
2019/07/15 22:23:21 RemoteAddr: [::1]:54257, Request: "GET /v1/price HTTP/1.1\r\nHost: localhost:80\r\nAccept-Encoding: gzip\r\nUser-Agent: Go-http-client/1.1\r\n\r\n"
2019/07/15 22:23:21 RemoteAddr: [::1]:54257, Request: "GET /v1/price HTTP/1.1\r\nHost: localhost:80\r\nAccept-Encoding: gzip\r\nUser-Agent: Go-http-client/1.1\r\n\r\n"
2019/07/15 22:23:21 RemoteAddr: [::1]:54257, Request: "GET /v1/price HTTP/1.1\r\nHost: localhost:80\r\nAccept-Encoding: gzip\r\nUser-Agent: Go-http-client/1.1\r\n\r\n"
2019/07/15 22:23:21 RemoteAddr: [::1]:54257, Request: "GET /v1/price HTTP/1.1\r\nHost: localhost:80\r\nAccept-Encoding: gzip\r\nUser-Agent: Go-http-client/1.1\r\n\r\n"
2019/07/15 22:24:21 RemoteAddr: [::1]:54258, Request: "GET /v1/price HTTP/1.1\r\nHost: localhost:80\r\nAccept-Encoding: gzip\r\nUser-Agent: Go-http-client/1.1\r\n\r\n"
2019/07/15 22:24:21 RemoteAddr: [::1]:54258, Request: "GET /v1/price HTTP/1.1\r\nHost: localhost:80\r\nAccept-Encoding: gzip\r\nUser-Agent: Go-http-client/1.1\r\n\r\n"
2019/07/15 22:24:21 RemoteAddr: [::1]:54258, Request: "GET /v1/price HTTP/1.1\r\nHost: localhost:80\r\nAccept-Encoding: gzip\r\nUser-Agent: Go-http-client/1.1\r\n\r\n"
2019/07/15 22:24:21 RemoteAddr: [::1]:54258, Request: "GET /v1/price HTTP/1.1\r\nHost: localhost:80\r\nAccept-Encoding: gzip\r\nUser-Agent: Go-http-client/1.1\r\n\r\n"
2019/07/15 22:24:21 RemoteAddr: [::1]:54258, Request: "GET /v1/price HTTP/1.1\r\nHost: localhost:80\r\nAccept-Encoding: gzip\r\nUser-Agent: Go-http-client/1.1\r\n\r\n"
2019/07/15 22:24:21 RemoteAddr: [::1]:54258, Request: "GET /v1/price HTTP/1.1\r\nHost: localhost:80\r\nAccept-Encoding: gzip\r\nUser-Agent: Go-http-client/1.1\r\n\r\n"
2019/07/15 22:29:09 RemoteAddr: [::1]:54266, Request: "GET /v1/price HTTP/1.1\r\nHost: localhost:80\r\nAccept-Encoding: gzip\r\nUser-Agent: Go-http-client/1.1\r\n\r\n"
2019/07/15 22:29:09 RemoteAddr: [::1]:54266, Request: "GET /v1/price HTTP/1.1\r\nHost: localhost:80\r\nAccept-Encoding: gzip\r\nUser-Agent: Go-http-client/1.1\r\n\r\n"
2019/07/15 22:29:09 RemoteAddr: [::1]:54266, Request: "GET /v1/price HTTP/1.1\r\nHost: localhost:80\r\nAccept-Encoding: gzip\r\nUser-Agent: Go-http-client/1.1\r\n\r\n"
2019/07/15 22:29:09 RemoteAddr: [::1]:54266, Request: "GET /v1/price HTTP/1.1\r\nHost: localhost:80\r\nAccept-Encoding: gzip\r\nUser-Agent: Go-http-client/1.1\r\n\r\n"
2019/07/15 22:29:09 RemoteAddr: [::1]:54266, Request: "GET /v1/price HTTP/1.1\r\nHost: localhost:80\r\nAccept-Encoding: gzip\r\nUser-Agent: Go-http-client/1.1\r\n\r\n"
2019/07/15 22:29:09 RemoteAddr: [::1]:54266, Request: "GET /v1/price HTTP/1.1\r\nHost: localhost:80\r\nAccept-Encoding: gzip\r\nUser-Agent: Go-http-client/1.1\r\n\r\n"
2019/07/15 22:30:50 RemoteAddr: [::1]:54273, Request: "GET /v1/price HTTP/1.1\r\nHost: localhost:80\r\nAccept-Encoding: gzip\r\nUser-Agent: Go-http-client/1.1\r\n\r\n"
2019/07/15 22:30:50 RemoteAddr: [::1]:54273, Request: "GET /v1/price HTTP/1.1\r\nHost: localhost:80\r\nAccept-Encoding: gzip\r\nUser-Agent: Go-http-client/1.1\r\n\r\n"
2019/07/15 22:30:50 RemoteAddr: [::1]:54273, Request: "GET /v1/price HTTP/1.1\r\nHost: localhost:80\r\nAccept-Encoding: gzip\r\nUser-Agent: Go-http-client/1.1\r\n\r\n"
2019/07/15 22:30:50 RemoteAddr: [::1]:54273, Request: "GET /v1/price HTTP/1.1\r\nHost: localhost:80\r\nAccept-Encoding: gzip\r\nUser-Agent: Go-http-client/1.1\r\n\r\n"
2019/07/15 22:30:50 RemoteAddr: [::1]:54273, Request: "GET /v1/price HTTP/1.1\r\nHost: localhost:80\r\nAccept-Encoding: gzip\r\nUser-Agent: Go-http-client/1.1\r\n\r\n"
2019/07/15 22:30:50 RemoteAddr: [::1]:54273, Request: "GET /v1/price HTTP/1.1\r\nHost: localhost:80\r\nAccept-Encoding: gzip\r\nUser-Agent: Go-http-client/1.1\r\n\r\n"
2019/07/15 22:31:50 RemoteAddr: [::1]:54274, Request: "GET /v1/price HTTP/1.1\r\nHost: localhost:80\r\nAccept-Encoding: gzip\r\nUser-Agent: Go-http-client/1.1\r\n\r\n"
2019/07/15 22:31:50 RemoteAddr: [::1]:54274, Request: "GET /v1/price HTTP/1.1\r\nHost: localhost:80\r\nAccept-Encoding: gzip\r\nUser-Agent: Go-http-client/1.1\r\n\r\n"
2019/07/15 22:31:50 RemoteAddr: [::1]:54274, Request: "GET /v1/price HTTP/1.1\r\nHost: localhost:80\r\nAccept-Encoding: gzip\r\nUser-Agent: Go-http-client/1.1\r\n\r\n"
2019/07/15 22:31:50 RemoteAddr: [::1]:54274, Request: "GET /v1/price HTTP/1.1\r\nHost: localhost:80\r\nAccept-Encoding: gzip\r\nUser-Agent: Go-http-client/1.1\r\n\r\n"
2019/07/15 22:31:50 RemoteAddr: [::1]:54274, Request: "GET /v1/price HTTP/1.1\r\nHost: localhost:80\r\nAccept-Encoding: gzip\r\nUser-Agent: Go-http-client/1.1\r\n\r\n"
2019/07/15 22:31:50 RemoteAddr: [::1]:54274, Request: "GET /v1/price HTTP/1.1\r\nHost: localhost:80\r\nAccept-Encoding: gzip\r\nUser-Agent: Go-http-client/1.1\r\n\r\n"
2019/07/15 22:32:50 RemoteAddr: [::1]:54278, Request: "GET /v1/price HTTP/1.1\r\nHost: localhost:80\r\nAccept-Encoding: gzip\r\nUser-Agent: Go-http-client/1.1\r\n\r\n"
2019/07/15 22:32:50 RemoteAddr: [::1]:54278, Request: "GET /v1/price HTTP/1.1\r\nHost: localhost:80\r\nAccept-Encoding: gzip\r\nUser-Agent: Go-http-client/1.1\r\n\r\n"
2019/07/15 22:32:50 RemoteAddr: [::1]:54278, Request: "GET /v1/price HTTP/1.1\r\nHost: localhost:80\r\nAccept-Encoding: gzip\r\nUser-Agent: Go-http-client/1.1\r\n\r\n"
2019/07/15 22:32:50 RemoteAddr: [::1]:54278, Request: "GET /v1/price HTTP/1.1\r\nHost: localhost:80\r\nAccept-Encoding: gzip\r\nUser-Agent: Go-http-client/1.1\r\n\r\n"
2019/07/15 22:32:50 RemoteAddr: [::1]:54278, Request: "GET /v1/price HTTP/1.1\r\nHost: localhost:80\r\nAccept-Encoding: gzip\r\nUser-Agent: Go-http-client/1.1\r\n\r\n"
2019/07/15 22:32:50 RemoteAddr: [::1]:54278, Request: "GET /v1/price HTTP/1.1\r\nHost: localhost:80\r\nAccept-Encoding: gzip\r\nUser-Agent: Go-http-client/1.1\r\n\r\n"
2019/07/15 22:33:50 RemoteAddr: [::1]:54279, Request: "GET /v1/price HTTP/1.1\r\nHost: localhost:80\r\nAccept-Encoding: gzip\r\nUser-Agent: Go-http-client/1.1\r\n\r\n"
2019/07/15 22:33:50 RemoteAddr: [::1]:54279, Request: "GET /v1/price HTTP/1.1\r\nHost: localhost:80\r\nAccept-Encoding: gzip\r\nUser-Agent: Go-http-client/1.1\r\n\r\n"
2019/07/15 22:33:50 RemoteAddr: [::1]:54279, Request: "GET /v1/price HTTP/1.1\r\nHost: localhost:80\r\nAccept-Encoding: gzip\r\nUser-Agent: Go-http-client/1.1\r\n\r\n"
2019/07/15 22:33:50 RemoteAddr: [::1]:54279, Request: "GET /v1/price HTTP/1.1\r\nHost: localhost:80\r\nAccept-Encoding: gzip\r\nUser-Agent: Go-http-client/1.1\r\n\r\n"
2019/07/15 22:33:50 RemoteAddr: [::1]:54279, Request: "GET /v1/price HTTP/1.1\r\nHost: localhost:80\r\nAccept-Encoding: gzip\r\nUser-Agent: Go-http-client/1.1\r\n\r\n"
2019/07/15 22:33:50 RemoteAddr: [::1]:54279, Request: "GET /v1/price HTTP/1.1\r\nHost: localhost:80\r\nAccept-Encoding: gzip\r\nUser-Agent: Go-http-client/1.1\r\n\r\n"
